Build started 20/12/2016 01:22:13.
     1>Project "D:\Projects\c++\VS2015\RayTracer\RayTracer\RayTracer.vcxproj" on node 2 (Build target(s)).
     1>ClCompile:
         D:\Program Files (x86)\Microsoft Visual Studio 14.0\VC\bin\CL.exe /c /ZI /nologo /W3 /WX- /Od /Oy- /D WIN32 /D _DEBUG /D _CONSOLE /D _UNICODE /D UNICODE /Gm /EHsc /RTC1 /MDd /GS /fp:precise /Zc:wchar_t /Zc:forScope /Zc:inline /Fo"Debug\\" /Fd"Debug\vc140.pdb" /Gd /TP /analyze- /errorReport:prompt main.cpp
         main.cpp
     1>d:\projects\c++\vs2015\raytracer\raytracer\main.cpp(18): warning C4244: 'initializing': conversion from 'double' to 'float', possible loss of data
     1>d:\projects\c++\vs2015\raytracer\raytracer\main.cpp(29): warning C4244: 'initializing': conversion from 'double' to 'float', possible loss of data
     1>d:\projects\c++\vs2015\raytracer\raytracer\main.cpp(30): warning C4244: 'argument': conversion from 'double' to 'float', possible loss of data
     1>d:\projects\c++\vs2015\raytracer\raytracer\main.cpp(46): warning C4244: '=': conversion from 'float' to 'unsigned char', possible loss of data
     1>d:\projects\c++\vs2015\raytracer\raytracer\main.cpp(47): warning C4244: '=': conversion from 'float' to 'unsigned char', possible loss of data
     1>d:\projects\c++\vs2015\raytracer\raytracer\main.cpp(48): warning C4244: '=': conversion from 'float' to 'unsigned char', possible loss of data
       Link:
         D:\Program Files (x86)\Microsoft Visual Studio 14.0\VC\bin\link.exe /ERRORREPORT:PROMPT /OUT:"D:\Projects\c++\VS2015\RayTracer\Debug\RayTracer.exe" /INCREMENTAL /NOLOGO kernel32.lib user32.lib gdi32.lib winspool.lib comdlg32.lib advapi32.lib shell32.lib ole32.lib oleaut32.lib uuid.lib odbc32.lib odbccp32.lib /MANIFEST /MANIFESTUAC:"level='asInvoker' uiAccess='false'" /manifest:embed /Debug /PDB:"D:\Projects\c++\VS2015\RayTracer\Debug\RayTracer.pdb" /SUBSYSTEM:CONSOLE /TLBID:1 /DYNAMICBASE /NXCOMPAT /IMPLIB:"D:\Projects\c++\VS2015\RayTracer\Debug\RayTracer.lib" /MACHINE:X86 Debug\lodepng.obj
         Debug\main.obj
         Debug\Ray.obj
         Debug\vec3.obj
         RayTracer.vcxproj -> D:\Projects\c++\VS2015\RayTracer\Debug\RayTracer.exe
     1>Done Building Project "D:\Projects\c++\VS2015\RayTracer\RayTracer\RayTracer.vcxproj" (Build target(s)).

Build succeeded.

Time Elapsed 00:00:00.79
